0 info it worked if it ends with ok
1 verbose cli [ 'C:\\Program Files\\nodejs\\node.exe',
1 verbose cli   'C:\\Program Files\\nodejs\\node_modules\\npm\\bin\\npm-cli.js',
1 verbose cli   'run',
1 verbose cli   'lite' ]
2 info using npm@3.3.12
3 info using node@v5.2.0
4 verbose run-script [ 'prelite', 'lite', 'postlite' ]
5 info lifecycle angproject@1.0.0~prelite: angproject@1.0.0
6 silly lifecycle angproject@1.0.0~prelite: no script for prelite, continuing
7 info lifecycle angproject@1.0.0~lite: angproject@1.0.0
8 verbose lifecycle angproject@1.0.0~lite: unsafe-perm in lifecycle true
9 verbose lifecycle angproject@1.0.0~lite: PATH: C:\Program Files\nodejs\node_modules\npm\bin\node-gyp-bin;C:\develop\angularjs\angular2\angproject\node_modules\.bin;C:\Program Files\nodejs\node_modules\npm\bin\node-gyp-bin;C:\develop\angularjs\angular2\angproject\node_modules\.bin;C:\ProgramData\Oracle\Java\javapath;C:\WINDOWS\system32;C:\WINDOWS;C:\WINDOWS\System32\Wbem;C:\WINDOWS\System32\WindowsPowerShell\v1.0\;C:\Program Files (x86)\AMD\ATI.ACE\Core-Static;C:\Program Files (x86)\ATI Technologies\ATI.ACE\Core-Static;C:\Program Files\nodejs\;C:\Program Files (x86)\Skype\Phone\;C:\Program Files\Git\;C:\Program Files\Git\cmd;C:\Program Files\Git\bin;C:\Program Files\Python27;C:\Program Files\Microsoft.NET\SDK\v2.0 64bit;C:\Program Files\Microsoft Visual Studio 8\VC\vcpackages;C:\WINDOWS\system32\config\systemprofile\.dnx\bin;C:\Program Files\Microsoft DNX\Dnvm\;C:\Program Files\Microsoft SQL Server\130\Tools\Binn\;C:\Program Files (x86)\Windows Kits\8.1\Windows Performance Toolkit\;C:\Users\Ivica\AppData\Roaming\npm;C:\Program Files (x86)\Microsoft VS Code\bin;C:\Program Files\Git\bin;C:\Program Files\Git\;C:\Program Files\Python27;C:\Program Files\Microsoft.NET\SDK\v2.0 64bit;C:\Program Files\Microsoft Visual Studio 8\VC\vcpackages
10 verbose lifecycle angproject@1.0.0~lite: CWD: C:\develop\angularjs\angular2\angproject
11 silly lifecycle angproject@1.0.0~lite: Args: [ '/d /s /c', 'lite-server' ]
12 silly lifecycle angproject@1.0.0~lite: Returned: code: 1  signal: null
13 info lifecycle angproject@1.0.0~lite: Failed to exec lite script
14 verbose stack Error: angproject@1.0.0 lite: `lite-server`
14 verbose stack Exit status 1
14 verbose stack     at EventEmitter.<anonymous> (C:\Program Files\nodejs\node_modules\npm\lib\utils\lifecycle.js:232:16)
14 verbose stack     at emitTwo (events.js:88:13)
14 verbose stack     at EventEmitter.emit (events.js:173:7)
14 verbose stack     at ChildProcess.<anonymous> (C:\Program Files\nodejs\node_modules\npm\lib\utils\spawn.js:24:14)
14 verbose stack     at emitTwo (events.js:88:13)
14 verbose stack     at ChildProcess.emit (events.js:173:7)
14 verbose stack     at maybeClose (internal/child_process.js:819:16)
14 verbose stack     at Process.ChildProcess._handle.onexit (internal/child_process.js:212:5)
15 verbose pkgid angproject@1.0.0
16 verbose cwd C:\develop\angularjs\angular2\angproject
17 error Windows_NT 10.0.10586
18 error argv "C:\\Program Files\\nodejs\\node.exe" "C:\\Program Files\\nodejs\\node_modules\\npm\\bin\\npm-cli.js" "run" "lite"
19 error node v5.2.0
20 error npm  v3.3.12
21 error code ELIFECYCLE
22 error angproject@1.0.0 lite: `lite-server`
22 error Exit status 1
23 error Failed at the angproject@1.0.0 lite script 'lite-server'.
23 error Make sure you have the latest version of node.js and npm installed.
23 error If you do, this is most likely a problem with the angproject package,
23 error not with npm itself.
23 error Tell the author that this fails on your system:
23 error     lite-server
23 error You can get their info via:
23 error     npm owner ls angproject
23 error There is likely additional logging output above.
24 verbose exit [ 1, true ]
88e88f7634cc0bed67739860c908f6e76543cba9
